2025-08-25 16:46:27 | DUPLICADO | C:\xampp\htdocs\SAC\storage\sat_downloads\BFM170822P38\EMITIDAS\2025\8\2025_08_01_036B85C2-B99D-4CF5-BFAB-185241063166.xml | UUID: 036B85C2-B99D-4CF5-BFAB-185241063166
2025-08-25 16:46:27 | DUPLICADO | C:\xampp\htdocs\SAC\storage\sat_downloads\BFM170822P38\EMITIDAS\2025\8\2025_08_01_6C758445-5706-43CD-B857-ECD70FF103E3.xml | UUID: 6C758445-5706-43CD-B857-ECD70FF103E3
2025-08-25 16:46:28 | DUPLICADO | C:\xampp\htdocs\SAC\storage\sat_downloads\BFM170822P38\EMITIDAS\2025\8\2025_08_01_803F2417-F4C1-482C-9955-76B83DAE662F.xml | UUID: 803F2417-F4C1-482C-9955-76B83DAE662F
2025-08-25 16:46:28 | DUPLICADO | C:\xampp\htdocs\SAC\storage\sat_downloads\BFM170822P38\EMITIDAS\2025\8\2025_08_01_8B4B6E88-0F34-41AF-93B5-6416D3DE8E27.xml | UUID: 8B4B6E88-0F34-41AF-93B5-6416D3DE8E27
2025-08-25 16:46:28 | DUPLICADO | C:\xampp\htdocs\SAC\storage\sat_downloads\BFM170822P38\EMITIDAS\2025\8\2025_08_01_95AE5485-4A96-4466-B126-728099A9205D.xml | UUID: 95AE5485-4A96-4466-B126-728099A9205D
2025-08-25 16:46:28 | DUPLICADO | C:\xampp\htdocs\SAC\storage\sat_downloads\BFM170822P38\EMITIDAS\2025\8\2025_08_01_9FCC443B-D43E-4074-8FD3-BBB345700312.xml | UUID: 9FCC443B-D43E-4074-8FD3-BBB345700312
2025-08-25 16:46:28 | DUPLICADO | C:\xampp\htdocs\SAC\storage\sat_downloads\BFM170822P38\EMITIDAS\2025\8\2025_08_01_B599B741-F96D-4304-BBD0-B1351DE26DA9.xml | UUID: B599B741-F96D-4304-BBD0-B1351DE26DA9
2025-08-25 16:46:29 | DUPLICADO | C:\xampp\htdocs\SAC\storage\sat_downloads\BFM170822P38\EMITIDAS\2025\8\2025_08_01_E69A0C85-37E1-4234-A5F7-6FDEC5A774D4.xml | UUID: E69A0C85-37E1-4234-A5F7-6FDEC5A774D4
2025-08-25 16:46:29 | DUPLICADO | C:\xampp\htdocs\SAC\storage\sat_downloads\BFM170822P38\EMITIDAS\2025\8\2025_08_12_03C38C3E-60A6-414E-923D-21D51727073A.xml | UUID: 03C38C3E-60A6-414E-923D-21D51727073A
2025-08-25 16:46:29 | DUPLICADO | C:\xampp\htdocs\SAC\storage\sat_downloads\BFM170822P38\EMITIDAS\2025\8\2025_08_12_05BFB97B-88F2-4BE0-A1F3-0E47BA0B16BC.xml | UUID: 05BFB97B-88F2-4BE0-A1F3-0E47BA0B16BC
2025-08-25 16:46:29 | DUPLICADO | C:\xampp\htdocs\SAC\storage\sat_downloads\BFM170822P38\EMITIDAS\2025\8\2025_08_12_0714F46C-633C-42AA-AA0C-90DF335B8772.xml | UUID: 0714F46C-633C-42AA-AA0C-90DF335B8772
2025-08-25 16:46:29 | DUPLICADO | C:\xampp\htdocs\SAC\storage\sat_downloads\BFM170822P38\EMITIDAS\2025\8\2025_08_12_1BAE3263-558B-4F69-A23C-AE28E69B9A1E.xml | UUID: 1BAE3263-558B-4F69-A23C-AE28E69B9A1E
2025-08-25 16:46:29 | DUPLICADO | C:\xampp\htdocs\SAC\storage\sat_downloads\BFM170822P38\EMITIDAS\2025\8\2025_08_12_47B7260B-ABC0-47BC-ADBE-B46B85C783B2.xml | UUID: 47B7260B-ABC0-47BC-ADBE-B46B85C783B2
2025-08-25 16:46:30 | DUPLICADO | C:\xampp\htdocs\SAC\storage\sat_downloads\BFM170822P38\EMITIDAS\2025\8\2025_08_12_5EEA7B36-5FEC-47FB-8698-04EFA156CAE2.xml | UUID: 5EEA7B36-5FEC-47FB-8698-04EFA156CAE2
2025-08-25 16:46:30 | DUPLICADO | C:\xampp\htdocs\SAC\storage\sat_downloads\BFM170822P38\EMITIDAS\2025\8\2025_08_12_62160BA1-F549-4CEC-94A4-06F964067BD7.xml | UUID: 62160BA1-F549-4CEC-94A4-06F964067BD7
2025-08-25 16:46:30 | DUPLICADO | C:\xampp\htdocs\SAC\storage\sat_downloads\BFM170822P38\EMITIDAS\2025\8\2025_08_12_69653ED0-800C-4074-8805-2937834D890D.xml | UUID: 69653ED0-800C-4074-8805-2937834D890D
2025-08-25 16:46:30 | DUPLICADO | C:\xampp\htdocs\SAC\storage\sat_downloads\BFM170822P38\EMITIDAS\2025\8\2025_08_12_7452FAE2-DB8D-4099-8E78-025B6E3BDB92.xml | UUID: 7452FAE2-DB8D-4099-8E78-025B6E3BDB92
2025-08-25 16:46:30 | DUPLICADO | C:\xampp\htdocs\SAC\storage\sat_downloads\BFM170822P38\EMITIDAS\2025\8\2025_08_12_79E2D8FC-5941-497C-A66C-39D3A0D1EE29.xml | UUID: 79E2D8FC-5941-497C-A66C-39D3A0D1EE29
2025-08-25 16:46:31 | DUPLICADO | C:\xampp\htdocs\SAC\storage\sat_downloads\BFM170822P38\EMITIDAS\2025\8\2025_08_12_88A037FA-7AA5-4180-BDB4-80FF3FA5CE87.xml | UUID: 88A037FA-7AA5-4180-BDB4-80FF3FA5CE87
2025-08-25 16:46:31 | DUPLICADO | C:\xampp\htdocs\SAC\storage\sat_downloads\BFM170822P38\EMITIDAS\2025\8\2025_08_12_8AE330B4-C1F0-4A7E-91A0-7401BC9F80B0.xml | UUID: 8AE330B4-C1F0-4A7E-91A0-7401BC9F80B0
2025-08-25 16:46:31 | DUPLICADO | C:\xampp\htdocs\SAC\storage\sat_downloads\BFM170822P38\EMITIDAS\2025\8\2025_08_12_950B118F-28EC-4284-9E6C-DBD81A6EEF7B.xml | UUID: 950B118F-28EC-4284-9E6C-DBD81A6EEF7B
2025-08-25 16:46:31 | DUPLICADO | C:\xampp\htdocs\SAC\storage\sat_downloads\BFM170822P38\EMITIDAS\2025\8\2025_08_12_98B472A4-C5F5-4088-96BE-ABC2FA8A7282.xml | UUID: 98B472A4-C5F5-4088-96BE-ABC2FA8A7282
2025-08-25 16:46:31 | DUPLICADO | C:\xampp\htdocs\SAC\storage\sat_downloads\BFM170822P38\EMITIDAS\2025\8\2025_08_12_9B5E152E-C317-4DA5-9A25-CE1393C6580A.xml | UUID: 9B5E152E-C317-4DA5-9A25-CE1393C6580A
2025-08-25 16:46:31 | DUPLICADO | C:\xampp\htdocs\SAC\storage\sat_downloads\BFM170822P38\EMITIDAS\2025\8\2025_08_12_9EDEF038-54AF-43FB-8D10-D52F5EFEFF7D.xml | UUID: 9EDEF038-54AF-43FB-8D10-D52F5EFEFF7D
2025-08-25 16:46:32 | DUPLICADO | C:\xampp\htdocs\SAC\storage\sat_downloads\BFM170822P38\EMITIDAS\2025\8\2025_08_12_A5770632-4497-45C7-A930-CEE24F322589.xml | UUID: A5770632-4497-45C7-A930-CEE24F322589
2025-08-25 16:46:32 | DUPLICADO | C:\xampp\htdocs\SAC\storage\sat_downloads\BFM170822P38\EMITIDAS\2025\8\2025_08_12_AEF819C2-F289-4848-BAA1-919AAA99AA14.xml | UUID: AEF819C2-F289-4848-BAA1-919AAA99AA14
2025-08-25 16:46:32 | DUPLICADO | C:\xampp\htdocs\SAC\storage\sat_downloads\BFM170822P38\EMITIDAS\2025\8\2025_08_12_B89F0D10-CD2D-4C9A-8D60-635B76E38D2D.xml | UUID: B89F0D10-CD2D-4C9A-8D60-635B76E38D2D
2025-08-25 16:46:32 | DUPLICADO | C:\xampp\htdocs\SAC\storage\sat_downloads\BFM170822P38\EMITIDAS\2025\8\2025_08_12_CBCBCAC3-8564-4699-A8B1-3E3E20DDACCF.xml | UUID: CBCBCAC3-8564-4699-A8B1-3E3E20DDACCF
2025-08-25 16:46:32 | DUPLICADO | C:\xampp\htdocs\SAC\storage\sat_downloads\BFM170822P38\EMITIDAS\2025\8\2025_08_12_D139CE76-D4E4-433C-B9F7-8E15C0FEDE22.xml | UUID: D139CE76-D4E4-433C-B9F7-8E15C0FEDE22
2025-08-25 16:46:32 | DUPLICADO | C:\xampp\htdocs\SAC\storage\sat_downloads\BFM170822P38\EMITIDAS\2025\8\2025_08_12_DC23B6C2-2219-43BB-98A9-EA549F242DBF.xml | UUID: DC23B6C2-2219-43BB-98A9-EA549F242DBF
2025-08-25 16:46:32 | DUPLICADO | C:\xampp\htdocs\SAC\storage\sat_downloads\BFM170822P38\EMITIDAS\2025\8\2025_08_12_F41E1742-03A4-48CA-A12F-97D503B08B8B.xml | UUID: F41E1742-03A4-48CA-A12F-97D503B08B8B
2025-08-25 16:46:33 | DUPLICADO | C:\xampp\htdocs\SAC\storage\sat_downloads\BFM170822P38\EMITIDAS\2025\8\2025_08_12_FFED8F53-67C7-4496-9F03-AB8324122FC2.xml | UUID: FFED8F53-67C7-4496-9F03-AB8324122FC2
2025-08-25 16:46:33 | DUPLICADO | C:\xampp\htdocs\SAC\storage\sat_downloads\BFM170822P38\EMITIDAS\2025\8\2025_08_17_0AE0075A-243A-41AC-A2F4-DD26ED2F0ACF.xml | UUID: 0AE0075A-243A-41AC-A2F4-DD26ED2F0ACF
2025-08-25 16:46:33 | DUPLICADO | C:\xampp\htdocs\SAC\storage\sat_downloads\BFM170822P38\EMITIDAS\2025\8\2025_08_17_2DC05403-85D8-403D-A3A8-A498200B2696.xml | UUID: 2DC05403-85D8-403D-A3A8-A498200B2696
2025-08-25 16:46:33 | DUPLICADO | C:\xampp\htdocs\SAC\storage\sat_downloads\BFM170822P38\EMITIDAS\2025\8\2025_08_17_309941AC-5E93-4EFC-BF4B-E4EC0EF16259.xml | UUID: 309941AC-5E93-4EFC-BF4B-E4EC0EF16259
2025-08-25 16:46:33 | DUPLICADO | C:\xampp\htdocs\SAC\storage\sat_downloads\BFM170822P38\EMITIDAS\2025\8\2025_08_17_541D139F-DBB5-4854-AD41-F37C2C8F3A29.xml | UUID: 541D139F-DBB5-4854-AD41-F37C2C8F3A29
2025-08-25 16:46:34 | DUPLICADO | C:\xampp\htdocs\SAC\storage\sat_downloads\BFM170822P38\EMITIDAS\2025\8\2025_08_17_7C427AE3-1356-42AA-ACDF-E8DBBE6D5C9D.xml | UUID: 7C427AE3-1356-42AA-ACDF-E8DBBE6D5C9D
2025-08-25 16:46:34 | DUPLICADO | C:\xampp\htdocs\SAC\storage\sat_downloads\BFM170822P38\EMITIDAS\2025\8\2025_08_17_815CD6A9-8959-4052-8523-AF9DCF7D43C6.xml | UUID: 815CD6A9-8959-4052-8523-AF9DCF7D43C6
2025-08-25 16:46:34 | DUPLICADO | C:\xampp\htdocs\SAC\storage\sat_downloads\BFM170822P38\EMITIDAS\2025\8\2025_08_17_8DF29065-A137-48A9-B4DF-9859F7A9439C.xml | UUID: 8DF29065-A137-48A9-B4DF-9859F7A9439C
2025-08-25 16:46:34 | DUPLICADO | C:\xampp\htdocs\SAC\storage\sat_downloads\BFM170822P38\EMITIDAS\2025\8\2025_08_17_C10AD58C-58BD-4D6C-BD22-3B0D335E2B2A.xml | UUID: C10AD58C-58BD-4D6C-BD22-3B0D335E2B2A
2025-08-25 16:46:34 | DUPLICADO | C:\xampp\htdocs\SAC\storage\sat_downloads\BFM170822P38\EMITIDAS\2025\8\2025_08_17_CDB24164-65F9-4E1B-ACB4-A0D1B919ABA6.xml | UUID: CDB24164-65F9-4E1B-ACB4-A0D1B919ABA6
2025-08-25 16:46:34 | DUPLICADO | C:\xampp\htdocs\SAC\storage\sat_downloads\BFM170822P38\EMITIDAS\2025\8\2025_08_18_056E2FC9-8FC5-4B98-8813-C1D7D7203C13.xml | UUID: 056E2FC9-8FC5-4B98-8813-C1D7D7203C13
2025-08-25 16:46:35 | DUPLICADO | C:\xampp\htdocs\SAC\storage\sat_downloads\BFM170822P38\EMITIDAS\2025\8\2025_08_18_06D5AFBA-0BDE-4DDE-9062-66152EAF9DBF.xml | UUID: 06D5AFBA-0BDE-4DDE-9062-66152EAF9DBF
2025-08-25 16:46:35 | DUPLICADO | C:\xampp\htdocs\SAC\storage\sat_downloads\BFM170822P38\EMITIDAS\2025\8\2025_08_18_0DF08508-F693-4C6B-B828-DE9A70D19FF8.xml | UUID: 0DF08508-F693-4C6B-B828-DE9A70D19FF8
2025-08-25 16:46:35 | DUPLICADO | C:\xampp\htdocs\SAC\storage\sat_downloads\BFM170822P38\EMITIDAS\2025\8\2025_08_18_1F5AFD77-63A4-4256-9052-8B92A2B99794.xml | UUID: 1F5AFD77-63A4-4256-9052-8B92A2B99794
2025-08-25 16:46:35 | DUPLICADO | C:\xampp\htdocs\SAC\storage\sat_downloads\BFM170822P38\EMITIDAS\2025\8\2025_08_18_1F7F11C9-83FF-4E6A-A7B0-1238BED80F1C.xml | UUID: 1F7F11C9-83FF-4E6A-A7B0-1238BED80F1C
2025-08-25 16:46:35 | DUPLICADO | C:\xampp\htdocs\SAC\storage\sat_downloads\BFM170822P38\EMITIDAS\2025\8\2025_08_18_23A1EDFA-B439-4C30-B7BE-C01392E83CA8.xml | UUID: 23A1EDFA-B439-4C30-B7BE-C01392E83CA8
2025-08-25 16:46:35 | DUPLICADO | C:\xampp\htdocs\SAC\storage\sat_downloads\BFM170822P38\EMITIDAS\2025\8\2025_08_18_3DD195C4-C65C-4224-B1A6-E67B193F0B0B.xml | UUID: 3DD195C4-C65C-4224-B1A6-E67B193F0B0B
2025-08-25 16:46:36 | DUPLICADO | C:\xampp\htdocs\SAC\storage\sat_downloads\BFM170822P38\EMITIDAS\2025\8\2025_08_18_4207E4D3-9783-4982-B7C7-CED4823B1E3B.xml | UUID: 4207E4D3-9783-4982-B7C7-CED4823B1E3B
2025-08-25 16:46:36 | DUPLICADO | C:\xampp\htdocs\SAC\storage\sat_downloads\BFM170822P38\EMITIDAS\2025\8\2025_08_18_670EF32D-0B24-4192-8C96-63F49F5F7BD1.xml | UUID: 670EF32D-0B24-4192-8C96-63F49F5F7BD1
2025-08-25 16:46:36 | DUPLICADO | C:\xampp\htdocs\SAC\storage\sat_downloads\BFM170822P38\EMITIDAS\2025\8\2025_08_18_78DC7940-B106-4470-A4C8-FAEA455DD3F6.xml | UUID: 78DC7940-B106-4470-A4C8-FAEA455DD3F6
2025-08-25 16:46:36 | DUPLICADO | C:\xampp\htdocs\SAC\storage\sat_downloads\BFM170822P38\EMITIDAS\2025\8\2025_08_18_8B5297EB-AF24-4E6E-A79E-C4A2DA4D90C5.xml | UUID: 8B5297EB-AF24-4E6E-A79E-C4A2DA4D90C5
2025-08-25 16:46:36 | DUPLICADO | C:\xampp\htdocs\SAC\storage\sat_downloads\BFM170822P38\EMITIDAS\2025\8\2025_08_18_928C2A10-55FA-4645-B6D1-F1AA8A5D5638.xml | UUID: 928C2A10-55FA-4645-B6D1-F1AA8A5D5638
2025-08-25 16:46:36 | DUPLICADO | C:\xampp\htdocs\SAC\storage\sat_downloads\BFM170822P38\EMITIDAS\2025\8\2025_08_18_C70B306F-3CB9-4305-A3E5-12CDB6FF8DCE.xml | UUID: C70B306F-3CB9-4305-A3E5-12CDB6FF8DCE
2025-08-25 16:46:37 | DUPLICADO | C:\xampp\htdocs\SAC\storage\sat_downloads\BFM170822P38\EMITIDAS\2025\8\2025_08_18_D75BE7EC-542E-49A4-B6DE-A7DDDB08B273.xml | UUID: D75BE7EC-542E-49A4-B6DE-A7DDDB08B273
2025-08-25 16:46:37 | DUPLICADO | C:\xampp\htdocs\SAC\storage\sat_downloads\BFM170822P38\EMITIDAS\2025\8\2025_08_18_FA7E2910-188D-4931-A23B-0AF1384F1C1B.xml | UUID: FA7E2910-188D-4931-A23B-0AF1384F1C1B
2025-08-25 16:46:37 | DUPLICADO | C:\xampp\htdocs\SAC\storage\sat_downloads\BFM170822P38\EMITIDAS\2025\8\2025_08_18_FD51B947-3F9E-46FC-A579-E79F5A4BB366.xml | UUID: FD51B947-3F9E-46FC-A579-E79F5A4BB366
2025-08-25 16:46:37 | DUPLICADO | C:\xampp\htdocs\SAC\storage\sat_downloads\BFM170822P38\RECIBIDAS\2025\8\2025_08_01_071DBC9E-923E-46FD-AD82-BB7D168A113D.xml | UUID: 071DBC9E-923E-46FD-AD82-BB7D168A113D
2025-08-25 16:46:37 | DUPLICADO | C:\xampp\htdocs\SAC\storage\sat_downloads\BFM170822P38\RECIBIDAS\2025\8\2025_08_01_07F32C1C-B350-45AE-A45E-E6746AA87364.xml | UUID: 07F32C1C-B350-45AE-A45E-E6746AA87364
2025-08-25 16:46:37 | DUPLICADO | C:\xampp\htdocs\SAC\storage\sat_downloads\BFM170822P38\RECIBIDAS\2025\8\2025_08_01_08AA0D6A-CAA6-43CC-897D-B5AF727F43AB.xml | UUID: 08AA0D6A-CAA6-43CC-897D-B5AF727F43AB
2025-08-25 16:46:38 | DUPLICADO | C:\xampp\htdocs\SAC\storage\sat_downloads\BFM170822P38\RECIBIDAS\2025\8\2025_08_01_5520DAC4-A4ED-468D-8167-C5D9EC43DB08.xml | UUID: 5520DAC4-A4ED-468D-8167-C5D9EC43DB08
2025-08-25 16:46:38 | DUPLICADO | C:\xampp\htdocs\SAC\storage\sat_downloads\BFM170822P38\RECIBIDAS\2025\8\2025_08_01_59E20B80-37AE-4585-BCA9-45AFFA5C04B3.xml | UUID: 59E20B80-37AE-4585-BCA9-45AFFA5C04B3
2025-08-25 16:46:38 | DUPLICADO | C:\xampp\htdocs\SAC\storage\sat_downloads\BFM170822P38\RECIBIDAS\2025\8\2025_08_01_7252F123-6597-4C65-83F6-6831D07600BF.xml | UUID: 7252F123-6597-4C65-83F6-6831D07600BF
2025-08-25 16:46:38 | DUPLICADO | C:\xampp\htdocs\SAC\storage\sat_downloads\BFM170822P38\RECIBIDAS\2025\8\2025_08_01_78CFFE12-4C05-43D5-8E65-EDEF6D7A2BEC.xml | UUID: 78cffe12-4c05-43d5-8e65-edef6d7a2bec
2025-08-25 16:46:38 | DUPLICADO | C:\xampp\htdocs\SAC\storage\sat_downloads\BFM170822P38\RECIBIDAS\2025\8\2025_08_01_9916A590-6BAF-5115-9055-28ED2C017E17.xml | UUID: 9916A590-6BAF-5115-9055-28ED2C017E17
2025-08-25 16:46:39 | DUPLICADO | C:\xampp\htdocs\SAC\storage\sat_downloads\BFM170822P38\RECIBIDAS\2025\8\2025_08_01_C02BBB7E-09EE-483E-BDB6-469FDA3634C5.xml | UUID: C02BBB7E-09EE-483E-BDB6-469FDA3634C5
2025-08-25 16:46:39 | DUPLICADO | C:\xampp\htdocs\SAC\storage\sat_downloads\BFM170822P38\RECIBIDAS\2025\8\2025_08_01_D8CB9D65-94F3-43C8-BB03-D7EE5D225A5C.xml | UUID: D8CB9D65-94F3-43C8-BB03-D7EE5D225A5C
2025-08-25 16:46:39 | DUPLICADO | C:\xampp\htdocs\SAC\storage\sat_downloads\BFM170822P38\RECIBIDAS\2025\8\2025_08_04_83FFE2C8-EFD9-4E0B-ABEB-BAD39DF81EB8.xml | UUID: 83FFE2C8-EFD9-4E0B-ABEB-BAD39DF81EB8
2025-08-25 16:46:39 | DUPLICADO | C:\xampp\htdocs\SAC\storage\sat_downloads\BFM170822P38\RECIBIDAS\2025\8\2025_08_04_886BAD08-11FD-224C-BC9A-87BEB0E5D142.xml | UUID: 886BAD08-11FD-224C-BC9A-87BEB0E5D142
2025-08-25 16:46:39 | DUPLICADO | C:\xampp\htdocs\SAC\storage\sat_downloads\BFM170822P38\RECIBIDAS\2025\8\2025_08_04_DFEA6B0D-A78F-634A-91B5-7DFB62EDCA0B.xml | UUID: DFEA6B0D-A78F-634A-91B5-7DFB62EDCA0B
2025-08-25 16:46:39 | DUPLICADO | C:\xampp\htdocs\SAC\storage\sat_downloads\BFM170822P38\RECIBIDAS\2025\8\2025_08_04_EDECCB37-B2DB-4F5B-AF06-DDDF7E5EC0CB.xml | UUID: EDECCB37-B2DB-4F5B-AF06-DDDF7E5EC0CB
2025-08-25 16:46:40 | DUPLICADO | C:\xampp\htdocs\SAC\storage\sat_downloads\BFM170822P38\RECIBIDAS\2025\8\2025_08_05_19F24267-EBDF-844B-809A-DB042FEAE750.xml | UUID: 19F24267-EBDF-844B-809A-DB042FEAE750
2025-08-25 16:46:40 | DUPLICADO | C:\xampp\htdocs\SAC\storage\sat_downloads\BFM170822P38\RECIBIDAS\2025\8\2025_08_05_4C12C0A7-143C-CA48-A1FF-A8B030FDE98B.xml | UUID: 4C12C0A7-143C-CA48-A1FF-A8B030FDE98B
2025-08-25 16:46:40 | DUPLICADO | C:\xampp\htdocs\SAC\storage\sat_downloads\BFM170822P38\RECIBIDAS\2025\8\2025_08_05_A1735D12-282E-4122-B0E9-20941F5C1356.xml | UUID: A1735D12-282E-4122-B0E9-20941F5C1356
2025-08-25 16:46:40 | DUPLICADO | C:\xampp\htdocs\SAC\storage\sat_downloads\BFM170822P38\RECIBIDAS\2025\8\2025_08_07_832AEEE5-C3C1-425B-BBA7-708A1D4220CD.xml | UUID: 832AEEE5-C3C1-425B-BBA7-708A1D4220CD
2025-08-25 16:46:40 | DUPLICADO | C:\xampp\htdocs\SAC\storage\sat_downloads\BFM170822P38\RECIBIDAS\2025\8\2025_08_07_D8619737-5CD2-4676-921B-25DF73061EB8.xml | UUID: D8619737-5CD2-4676-921B-25DF73061EB8
2025-08-25 16:46:41 | DUPLICADO | C:\xampp\htdocs\SAC\storage\sat_downloads\BFM170822P38\RECIBIDAS\2025\8\2025_08_11_22F116F3-B099-4C10-9C1A-F94B269E4551.xml | UUID: 22F116F3-B099-4C10-9C1A-F94B269E4551
2025-08-25 16:46:41 | DUPLICADO | C:\xampp\htdocs\SAC\storage\sat_downloads\BFM170822P38\RECIBIDAS\2025\8\2025_08_11_3C9D0678-79BF-46E0-809E-23D0C69707CD.xml | UUID: 3c9d0678-79bf-46e0-809e-23d0c69707cd
2025-08-25 16:46:41 | DUPLICADO | C:\xampp\htdocs\SAC\storage\sat_downloads\BFM170822P38\RECIBIDAS\2025\8\2025_08_11_618C8DE8-8DBA-4142-B4FE-726E86D52D83.xml | UUID: 618c8de8-8dba-4142-b4fe-726e86d52d83
2025-08-25 16:46:41 | DUPLICADO | C:\xampp\htdocs\SAC\storage\sat_downloads\BFM170822P38\RECIBIDAS\2025\8\2025_08_11_BF119F2E-73A7-4C3F-A76C-99D131759FF8.xml | UUID: BF119F2E-73A7-4C3F-A76C-99D131759FF8
2025-08-25 16:46:41 | DUPLICADO | C:\xampp\htdocs\SAC\storage\sat_downloads\BFM170822P38\RECIBIDAS\2025\8\2025_08_12_5F9A4055-99FD-42DA-B7B9-076B84D06A02.xml | UUID: 5f9a4055-99fd-42da-b7b9-076b84d06a02
2025-08-25 16:46:42 | DUPLICADO | C:\xampp\htdocs\SAC\storage\sat_downloads\BFM170822P38\RECIBIDAS\2025\8\2025_08_14_50A2F590-7965-11F0-B37A-775D9B80FB1B.xml | UUID: 50A2F590-7965-11F0-B37A-775D9B80FB1B
2025-08-25 16:46:42 | DUPLICADO | C:\xampp\htdocs\SAC\storage\sat_downloads\BFM170822P38\RECIBIDAS\2025\8\2025_08_15_49A5C8BF-D88E-4515-B9ED-C3AE2DAC2006.xml | UUID: 49a5c8bf-d88e-4515-b9ed-c3ae2dac2006
2025-08-25 16:46:42 | DUPLICADO | C:\xampp\htdocs\SAC\storage\sat_downloads\BFM170822P38\RECIBIDAS\2025\8\2025_08_15_7FFE8FC6-D414-471A-AC76-F300B733EE2C.xml | UUID: 7ffe8fc6-d414-471a-ac76-f300b733ee2c
2025-08-25 16:46:42 | DUPLICADO | C:\xampp\htdocs\SAC\storage\sat_downloads\BFM170822P38\RECIBIDAS\2025\8\2025_08_15_C707AB6A-D451-4E35-AD3F-B2AEADAD6680.xml | UUID: c707ab6a-d451-4e35-ad3f-b2aeadad6680
2025-08-25 16:46:42 | DUPLICADO | C:\xampp\htdocs\SAC\storage\sat_downloads\BFM170822P38\RECIBIDAS\2025\8\2025_08_17_F0957996-8386-470E-B694-05DB11C67555.xml | UUID: f0957996-8386-470e-b694-05db11c67555
2025-08-25 16:46:42 | DUPLICADO | C:\xampp\htdocs\SAC\storage\sat_downloads\BFM170822P38\RECIBIDAS\2025\8\2025_08_18_3AC7D8FA-B651-473B-B21A-8DF94F784528.xml | UUID: 3ac7d8fa-b651-473b-b21a-8df94f784528
2025-08-25 16:46:43 | DUPLICADO | C:\xampp\htdocs\SAC\storage\sat_downloads\BFM170822P38\RECIBIDAS\2025\8\2025_08_18_98C5B14C-ADF4-4EA3-AA93-9880E1AEA5E6.xml | UUID: 98c5b14c-adf4-4ea3-aa93-9880e1aea5e6
2025-08-25 16:46:43 | DUPLICADO | C:\xampp\htdocs\SAC\storage\sat_downloads\BFM170822P38\RECIBIDAS\2025\8\2025_08_19_C97138BF-4D07-493A-997C-A6D3FBCD9E30.xml | UUID: C97138BF-4D07-493A-997C-A6D3FBCD9E30
2025-08-25 16:46:43 | DUPLICADO | C:\xampp\htdocs\SAC\storage\sat_downloads\BFM170822P38\RECIBIDAS\2025\8\2025_08_20_609B5925-7DED-11F0-A954-D3FF17F006F3.xml | UUID: 609B5925-7DED-11F0-A954-D3FF17F006F3
2025-08-25 16:46:43 | DUPLICADO | C:\xampp\htdocs\SAC\storage\sat_downloads\BFM170822P38\RECIBIDAS\2025\8\2025_08_20_BB435A04-4E0D-4733-9B9A-5567B9B0401C.xml | UUID: BB435A04-4E0D-4733-9B9A-5567B9B0401C
2025-08-25 16:46:43 | DUPLICADO | C:\xampp\htdocs\SAC\storage\sat_downloads\BFM170822P38\RECIBIDAS\2025\8\2025_08_20_E1F73832-7F12-4119-8CB5-3FCC7F7802D5.xml | UUID: E1F73832-7F12-4119-8CB5-3FCC7F7802D5
